{"time":"2025-12-05T15:09:45.524624713Z","level":"INFO","msg":"logger_initialized","path":"/var/log/app/app.log"}
{"time":"2025-12-05T15:09:45.524934113Z","level":"INFO","msg":"server_starting","port":8081}
{"time":"2025-12-05T15:09:53.281981904Z","level":"INFO","msg":"http_request","path":"/health","method":"GET","status":404,"duration_ms":0}
{"time":"2025-12-05T15:10:03.379327815Z","level":"INFO","msg":"http_request","path":"/health","method":"GET","status":404,"duration_ms":0}
{"time":"2025-12-05T15:10:13.441948998Z","level":"INFO","msg":"http_request","path":"/health","method":"GET","status":404,"duration_ms":0}
{"time":"2025-12-05T15:10:21.19856727Z","level":"INFO","msg":"http_request","path":"/health","method":"GET","status":404,"duration_ms":0}
{"time":"2025-12-05T15:10:23.895054353Z","level":"INFO","msg":"db_query_execution","query":"\n\t\tSELECT\n\t\t\tid,\n\t\t\ttype,\n\t\t\tmunicipality_id,\n\t\t\tyear,\n\t\t\tmonth,\n\t\t\tarea_ha,\n\t\t\tgeom\n\t\tFROM fire_intersect\n\t\t","params_count":0,"duration_ms":19}
{"time":"2025-12-05T15:10:24.11425602Z","level":"INFO","msg":"geom_conversion_summary","records":12430,"duration_ms":184}
{"time":"2025-12-05T15:10:24.295570378Z","level":"INFO","msg":"request_complete","endpoint":"/fire_intersect","records":12430,"response_bytes":13688566,"db_ms":19,"geom_conversion_ms":184,"serialization_ms":105,"total_ms":419}
{"time":"2025-12-05T15:10:24.295864612Z","level":"INFO","msg":"http_request","path":"/fire_intersect","method":"GET","status":200,"duration_ms":419}
{"time":"2025-12-05T15:10:31.280612295Z","level":"INFO","msg":"http_request","path":"/health","method":"GET","status":404,"duration_ms":0}
{"time":"2025-12-05T15:10:41.358256387Z","level":"INFO","msg":"http_request","path":"/health","method":"GET","status":404,"duration_ms":0}
{"time":"2025-12-05T15:10:49.115748Z","level":"INFO","msg":"http_request","path":"/health","method":"GET","status":404,"duration_ms":0}
{"time":"2025-12-05T15:10:59.19964585Z","level":"INFO","msg":"http_request","path":"/health","method":"GET","status":404,"duration_ms":0}
{"time":"2025-12-05T15:11:09.258505267Z","level":"INFO","msg":"http_request","path":"/health","method":"GET","status":404,"duration_ms":0}
{"time":"2025-12-05T15:11:17.033938803Z","level":"INFO","msg":"http_request","path":"/health","method":"GET","status":404,"duration_ms":0}
{"time":"2025-12-05T15:11:27.110392311Z","level":"INFO","msg":"http_request","path":"/health","method":"GET","status":404,"duration_ms":0}
{"time":"2025-12-05T15:11:37.202626953Z","level":"INFO","msg":"http_request","path":"/health","method":"GET","status":404,"duration_ms":0}
{"time":"2025-12-05T15:11:44.96066967Z","level":"INFO","msg":"http_request","path":"/health","method":"GET","status":404,"duration_ms":0}
{"time":"2025-12-05T15:11:55.031743454Z","level":"INFO","msg":"http_request","path":"/health","method":"GET","status":404,"duration_ms":0}
{"time":"2025-12-05T15:12:05.100308129Z","level":"INFO","msg":"http_request","path":"/health","method":"GET","status":404,"duration_ms":0}
{"time":"2025-12-05T15:12:12.880823155Z","level":"INFO","msg":"http_request","path":"/health","method":"GET","status":404,"duration_ms":0}
{"time":"2025-12-05T15:12:22.938650263Z","level":"INFO","msg":"http_request","path":"/health","method":"GET","status":404,"duration_ms":0}
{"time":"2025-12-05T15:12:33.012601597Z","level":"INFO","msg":"http_request","path":"/health","method":"GET","status":404,"duration_ms":0}
{"time":"2025-12-05T15:12:40.777294112Z","level":"INFO","msg":"http_request","path":"/health","method":"GET","status":404,"duration_ms":0}
{"time":"2025-12-05T15:12:50.866929512Z","level":"INFO","msg":"http_request","path":"/health","method":"GET","status":404,"duration_ms":0}
{"time":"2025-12-05T15:13:00.920007829Z","level":"INFO","msg":"http_request","path":"/health","method":"GET","status":404,"duration_ms":0}
{"time":"2025-12-05T15:13:08.671308823Z","level":"INFO","msg":"http_request","path":"/health","method":"GET","status":404,"duration_ms":0}
{"time":"2025-12-05T15:13:18.754299381Z","level":"INFO","msg":"http_request","path":"/health","method":"GET","status":404,"duration_ms":0}
{"time":"2025-12-05T15:13:28.822695706Z","level":"INFO","msg":"http_request","path":"/health","method":"GET","status":404,"duration_ms":0}
{"time":"2025-12-05T15:13:36.58036157Z","level":"INFO","msg":"http_request","path":"/health","method":"GET","status":404,"duration_ms":0}
{"time":"2025-12-05T15:13:46.667530199Z","level":"INFO","msg":"http_request","path":"/health","method":"GET","status":404,"duration_ms":0}
{"time":"2025-12-05T15:13:56.736844649Z","level":"INFO","msg":"http_request","path":"/health","method":"GET","status":404,"duration_ms":0}
{"time":"2025-12-05T15:14:04.520520535Z","level":"INFO","msg":"http_request","path":"/health","method":"GET","status":404,"duration_ms":0}
{"time":"2025-12-05T15:14:14.583453718Z","level":"INFO","msg":"http_request","path":"/health","method":"GET","status":404,"duration_ms":0}
{"time":"2025-12-05T15:14:24.749294033Z","level":"INFO","msg":"http_request","path":"/health","method":"GET","status":404,"duration_ms":0}
{"time":"2025-12-05T15:14:32.419580387Z","level":"INFO","msg":"http_request","path":"/health","method":"GET","status":404,"duration_ms":0}
{"time":"2025-12-05T15:14:42.50222211Z","level":"INFO","msg":"http_request","path":"/health","method":"GET","status":404,"duration_ms":0}
{"time":"2025-12-05T15:14:52.660772683Z","level":"INFO","msg":"http_request","path":"/health","method":"GET","status":404,"duration_ms":0}
{"time":"2025-12-05T15:15:00.316502634Z","level":"INFO","msg":"http_request","path":"/health","method":"GET","status":404,"duration_ms":0}
{"time":"2025-12-05T15:15:10.394051501Z","level":"INFO","msg":"http_request","path":"/health","method":"GET","status":404,"duration_ms":0}
{"time":"2025-12-05T15:15:18.212679822Z","level":"INFO","msg":"http_request","path":"/health","method":"GET","status":404,"duration_ms":0}
{"time":"2025-12-05T15:15:28.282354588Z","level":"INFO","msg":"http_request","path":"/health","method":"GET","status":404,"duration_ms":0}
{"time":"2025-12-05T15:15:38.386842272Z","level":"INFO","msg":"http_request","path":"/health","method":"GET","status":404,"duration_ms":0}
{"time":"2025-12-05T15:15:46.134489864Z","level":"INFO","msg":"http_request","path":"/health","method":"GET","status":404,"duration_ms":0}
{"time":"2025-12-05T15:15:56.242151606Z","level":"INFO","msg":"http_request","path":"/health","method":"GET","status":404,"duration_ms":0}
{"time":"2025-12-05T15:16:06.33794594Z","level":"INFO","msg":"http_request","path":"/health","method":"GET","status":404,"duration_ms":0}
{"time":"2025-12-05T15:16:14.091159374Z","level":"INFO","msg":"http_request","path":"/health","method":"GET","status":404,"duration_ms":0}
{"time":"2025-12-05T15:16:15.431321574Z","level":"INFO","msg":"db_query_execution","query":"\n\t\tSELECT\n\t\t\tid,\n\t\t\ttype,\n\t\t\tmunicipality_id,\n\t\t\tyear,\n\t\t\tmonth,\n\t\t\tarea_ha,\n\t\t\tgeom\n\t\tFROM fire_intersect\n\t\t","params_count":0,"duration_ms":18}
{"time":"2025-12-05T15:16:15.638977832Z","level":"INFO","msg":"geom_conversion_summary","records":12430,"duration_ms":176}
{"time":"2025-12-05T15:16:15.811418607Z","level":"INFO","msg":"request_complete","endpoint":"/fire_intersect","records":12430,"response_bytes":13688566,"db_ms":18,"geom_conversion_ms":176,"serialization_ms":109,"total_ms":398}
{"time":"2025-12-05T15:16:15.811768957Z","level":"INFO","msg":"http_request","path":"/fire_intersect","method":"GET","status":200,"duration_ms":399}
{"time":"2025-12-05T15:16:24.175070874Z","level":"INFO","msg":"http_request","path":"/health","method":"GET","status":404,"duration_ms":0}
{"time":"2025-12-05T15:16:34.23865297Z","level":"INFO","msg":"http_request","path":"/health","method":"GET","status":404,"duration_ms":0}
{"time":"2025-12-05T15:16:42.060872341Z","level":"INFO","msg":"http_request","path":"/health","method":"GET","status":404,"duration_ms":0}
{"time":"2025-12-05T15:16:52.128665249Z","level":"INFO","msg":"http_request","path":"/health","method":"GET","status":404,"duration_ms":0}
{"time":"2025-12-05T15:17:02.288511482Z","level":"INFO","msg":"http_request","path":"/health","method":"GET","status":404,"duration_ms":0}
{"time":"2025-12-05T15:17:10.075714215Z","level":"INFO","msg":"http_request","path":"/health","method":"GET","status":404,"duration_ms":0}
{"time":"2025-12-05T15:17:20.193001265Z","level":"INFO","msg":"http_request","path":"/health","method":"GET","status":404,"duration_ms":0}
{"time":"2025-12-05T15:17:30.25193554Z","level":"INFO","msg":"http_request","path":"/health","method":"GET","status":404,"duration_ms":0}
{"time":"2025-12-05T15:17:38.015183217Z","level":"INFO","msg":"http_request","path":"/health","method":"GET","status":404,"duration_ms":0}
{"time":"2025-12-05T15:17:48.105049584Z","level":"INFO","msg":"http_request","path":"/health","method":"GET","status":404,"duration_ms":0}
{"time":"2025-12-05T15:17:58.183167417Z","level":"INFO","msg":"http_request","path":"/health","method":"GET","status":404,"duration_ms":0}
{"time":"2025-12-05T15:18:05.956820794Z","level":"INFO","msg":"http_request","path":"/health","method":"GET","status":404,"duration_ms":0}
{"time":"2025-12-05T15:18:16.019667774Z","level":"INFO","msg":"http_request","path":"/health","method":"GET","status":404,"duration_ms":0}
{"time":"2025-12-05T15:18:26.104283007Z","level":"INFO","msg":"http_request","path":"/health","method":"GET","status":404,"duration_ms":0}
{"time":"2025-12-05T15:18:33.885680529Z","level":"INFO","msg":"http_request","path":"/health","method":"GET","status":404,"duration_ms":0}
{"time":"2025-12-05T15:18:43.949837013Z","level":"INFO","msg":"http_request","path":"/health","method":"GET","status":404,"duration_ms":0}
{"time":"2025-12-05T15:18:54.061618996Z","level":"INFO","msg":"http_request","path":"/health","method":"GET","status":404,"duration_ms":0}
{"time":"2025-12-05T15:19:01.828899864Z","level":"INFO","msg":"http_request","path":"/health","method":"GET","status":404,"duration_ms":0}
{"time":"2025-12-05T15:19:11.909823422Z","level":"INFO","msg":"http_request","path":"/health","method":"GET","status":404,"duration_ms":0}
{"time":"2025-12-05T15:19:21.980426064Z","level":"INFO","msg":"http_request","path":"/health","method":"GET","status":404,"duration_ms":0}
{"time":"2025-12-05T15:19:29.775760914Z","level":"INFO","msg":"http_request","path":"/health","method":"GET","status":404,"duration_ms":0}
{"time":"2025-12-05T15:19:39.849785806Z","level":"INFO","msg":"http_request","path":"/health","method":"GET","status":404,"duration_ms":0}
{"time":"2025-12-05T15:19:49.904736664Z","level":"INFO","msg":"http_request","path":"/health","method":"GET","status":404,"duration_ms":0}
{"time":"2025-12-05T15:19:57.688010984Z","level":"INFO","msg":"http_request","path":"/health","method":"GET","status":404,"duration_ms":0}
{"time":"2025-12-05T15:20:07.765816817Z","level":"INFO","msg":"http_request","path":"/health","method":"GET","status":404,"duration_ms":0}
{"time":"2025-12-05T15:20:17.847868125Z","level":"INFO","msg":"http_request","path":"/health","method":"GET","status":404,"duration_ms":0}
{"time":"2025-12-05T15:20:25.607739063Z","level":"INFO","msg":"http_request","path":"/health","method":"GET","status":404,"duration_ms":0}
{"time":"2025-12-05T15:20:35.679283186Z","level":"INFO","msg":"http_request","path":"/health","method":"GET","status":404,"duration_ms":0}
{"time":"2025-12-05T15:20:45.749124353Z","level":"INFO","msg":"http_request","path":"/health","method":"GET","status":404,"duration_ms":0}
{"time":"2025-12-05T15:20:53.525495769Z","level":"INFO","msg":"http_request","path":"/health","method":"GET","status":404,"duration_ms":0}
{"time":"2025-12-05T15:21:03.593321719Z","level":"INFO","msg":"http_request","path":"/health","method":"GET","status":404,"duration_ms":0}
{"time":"2025-12-05T15:21:13.707210027Z","level":"INFO","msg":"http_request","path":"/health","method":"GET","status":404,"duration_ms":0}
{"time":"2025-12-05T15:21:21.478627098Z","level":"INFO","msg":"http_request","path":"/health","method":"GET","status":404,"duration_ms":0}
{"time":"2025-12-05T15:21:31.551006622Z","level":"INFO","msg":"http_request","path":"/health","method":"GET","status":404,"duration_ms":0}
{"time":"2025-12-05T15:21:41.645833464Z","level":"INFO","msg":"http_request","path":"/health","method":"GET","status":404,"duration_ms":0}
{"time":"2025-12-05T15:21:49.41452286Z","level":"INFO","msg":"http_request","path":"/health","method":"GET","status":404,"duration_ms":0}
{"time":"2025-12-05T15:21:59.495236793Z","level":"INFO","msg":"http_request","path":"/health","method":"GET","status":404,"duration_ms":0}
{"time":"2025-12-05T15:22:09.573285618Z","level":"INFO","msg":"http_request","path":"/health","method":"GET","status":404,"duration_ms":0}
{"time":"2025-12-05T15:22:17.342924686Z","level":"INFO","msg":"http_request","path":"/health","method":"GET","status":404,"duration_ms":0}
{"time":"2025-12-05T15:22:27.411237378Z","level":"INFO","msg":"http_request","path":"/health","method":"GET","status":404,"duration_ms":0}
{"time":"2025-12-05T15:22:37.488109703Z","level":"INFO","msg":"http_request","path":"/health","method":"GET","status":404,"duration_ms":0}
{"time":"2025-12-05T15:22:45.301807966Z","level":"INFO","msg":"http_request","path":"/health","method":"GET","status":404,"duration_ms":0}
{"time":"2025-12-05T15:22:55.370871625Z","level":"INFO","msg":"http_request","path":"/health","method":"GET","status":404,"duration_ms":0}
{"time":"2025-12-05T15:23:05.449799141Z","level":"INFO","msg":"http_request","path":"/health","method":"GET","status":404,"duration_ms":0}
{"time":"2025-12-05T15:23:13.277301898Z","level":"INFO","msg":"http_request","path":"/health","method":"GET","status":404,"duration_ms":0}
{"time":"2025-12-05T15:23:23.358690531Z","level":"INFO","msg":"http_request","path":"/health","method":"GET","status":404,"duration_ms":0}
{"time":"2025-12-05T15:23:33.434073489Z","level":"INFO","msg":"http_request","path":"/health","method":"GET","status":404,"duration_ms":0}
{"time":"2025-12-05T15:23:41.195015813Z","level":"INFO","msg":"http_request","path":"/health","method":"GET","status":404,"duration_ms":0}
{"time":"2025-12-05T15:23:51.264985679Z","level":"INFO","msg":"http_request","path":"/health","method":"GET","status":404,"duration_ms":0}
{"time":"2025-12-05T15:24:01.339404579Z","level":"INFO","msg":"http_request","path":"/health","method":"GET","status":404,"duration_ms":0}
{"time":"2025-12-05T15:24:09.105755415Z","level":"INFO","msg":"http_request","path":"/health","method":"GET","status":404,"duration_ms":0}
{"time":"2025-12-05T15:24:18.848173706Z","level":"INFO","msg":"db_query_execution","query":"\n\t\tSELECT\n\t\t\tid,\n\t\t\ttype,\n\t\t\tmunicipality_id,\n\t\t\tyear,\n\t\t\tmonth,\n\t\t\tarea_ha,\n\t\t\tgeom\n\t\tFROM fire_intersect\n\t\t","params_count":0,"duration_ms":1}
{"time":"2025-12-05T15:24:19.137613181Z","level":"INFO","msg":"geom_conversion_summary","records":12430,"duration_ms":239}
{"time":"2025-12-05T15:24:19.189303023Z","level":"INFO","msg":"http_request","path":"/health","method":"GET","status":404,"duration_ms":0}
{"time":"2025-12-05T15:24:19.290587431Z","level":"INFO","msg":"request_complete","endpoint":"/fire_intersect","records":12430,"response_bytes":13688566,"db_ms":1,"geom_conversion_ms":239,"serialization_ms":137,"total_ms":443}
{"time":"2025-12-05T15:24:19.291391698Z","level":"INFO","msg":"http_request","path":"/fire_intersect","method":"GET","status":200,"duration_ms":444}
{"time":"2025-12-05T15:24:22.20672284Z","level":"INFO","msg":"http_request","path":"/favicon.ico","method":"GET","status":404,"duration_ms":0}
{"time":"2025-12-05T15:24:29.25949649Z","level":"INFO","msg":"http_request","path":"/health","method":"GET","status":404,"duration_ms":0}
{"time":"2025-12-05T15:24:37.047309022Z","level":"INFO","msg":"http_request","path":"/health","method":"GET","status":404,"duration_ms":0}
{"time":"2025-12-05T15:24:47.115789843Z","level":"INFO","msg":"http_request","path":"/health","method":"GET","status":404,"duration_ms":0}
{"time":"2025-12-05T15:24:57.187426851Z","level":"INFO","msg":"http_request","path":"/health","method":"GET","status":404,"duration_ms":0}
{"time":"2025-12-05T15:25:05.0004072Z","level":"INFO","msg":"http_request","path":"/health","method":"GET","status":404,"duration_ms":0}
{"time":"2025-12-05T15:25:15.074504458Z","level":"INFO","msg":"http_request","path":"/health","method":"GET","status":404,"duration_ms":0}
{"time":"2025-12-05T15:25:25.157778741Z","level":"INFO","msg":"http_request","path":"/health","method":"GET","status":404,"duration_ms":0}
{"time":"2025-12-05T15:25:32.929678034Z","level":"INFO","msg":"http_request","path":"/health","method":"GET","status":404,"duration_ms":0}
{"time":"2025-12-05T15:25:43.006637108Z","level":"INFO","msg":"http_request","path":"/health","method":"GET","status":404,"duration_ms":0}
{"time":"2025-12-05T15:25:53.0696029Z","level":"INFO","msg":"http_request","path":"/health","method":"GET","status":404,"duration_ms":0}
{"time":"2025-12-05T15:26:00.837491952Z","level":"INFO","msg":"http_request","path":"/health","method":"GET","status":404,"duration_ms":0}
{"time":"2025-12-05T15:26:10.930259451Z","level":"INFO","msg":"http_request","path":"/health","method":"GET","status":404,"duration_ms":0}
{"time":"2025-12-05T15:26:21.012868676Z","level":"INFO","msg":"http_request","path":"/health","method":"GET","status":404,"duration_ms":0}
